<?xml version="1.0" encoding="UTF-8"?>
<testsuite xmlns:xsi="http://www.w3.org/2001/XMLSchema-instance" xsi:noNamespaceSchemaLocation="https://maven.apache.org/surefire/maven-surefire-plugin/xsd/surefire-test-report.xsd" name="com.example.SortingAlgorithmsTest" time="0.038" tests="2" errors="0" skipped="0" failures="0">
  <properties>
[...]
</properties>
  <testcase name="testBubbleSort" classname="com.example.SortingAlgorithmsTest" time="0.029"/>
  <testcase name="testQuickSort" classname="com.example.SortingAlgorithmsTest" time="0.001"/>
</testsuite>